Build started 23-1-2015 16:28:30.
     1>Project "C:\Users\Johan\Programming\Year 1\Block A\Programming\Projects\Year 1\Block B\final assignment block b\bubble check\tmpl84.00a_2013.vcxproj" on node 2 (Build target(s)).
     1>ClCompile:
         C:\Program Files (x86)\Microsoft Visual Studio 12.0\VC\bin\CL.exe /c /Ilib /Ilib\OpenGL /I"lib\SDL2-2.0.3\include" /Ilib\freeimage /Zi /nologo /W3 /WX- /Od /Oy- /D WIN32 /D _DEBUG /D _WINDOWS /D _CRT_SECURE_NO_DEPRECATE /Gm- /RTC1 /MDd /GS /arch:SSE2 /fp:fast /Zc:wchar_t /Zc:forScope /Fo"Debug\\" /Fd"Debug\vc120.pdb" /Gd /TP /analyze- /errorReport:prompt game.cpp
         game.cpp
     1>C:\Program Files (x86)\Microsoft Visual Studio 12.0\VC\include\xlocale(337): warning C4530: C++ exception handler used, but unwind semantics are not enabled. Specify /EHsc
     1>game.cpp(89): warning C4018: '<' : signed/unsigned mismatch
     1>game.cpp(126): warning C4018: '<' : signed/unsigned mismatch
     1>game.cpp(467): warning C4244: 'initializing' : conversion from 'float' to 'int', possible loss of data
     1>game.cpp(468): warning C4244: 'initializing' : conversion from 'float' to 'int', possible loss of data
     1>game.cpp(478): warning C4244: '=' : conversion from 'float' to 'LONG', possible loss of data
     1>game.cpp(479): warning C4244: '=' : conversion from 'float' to 'LONG', possible loss of data
     1>game.cpp(480): warning C4244: '=' : conversion from 'float' to 'LONG', possible loss of data
     1>game.cpp(481): warning C4244: '=' : conversion from 'float' to 'LONG', possible loss of data
     1>game.cpp(500): warning C4018: '<' : signed/unsigned mismatch
     1>game.cpp(502): warning C4018: '<' : signed/unsigned mismatch
     1>game.cpp(526): warning C4244: 'argument' : conversion from 'double' to 'int', possible loss of data
     1>game.cpp(536): warning C4018: '<' : signed/unsigned mismatch
     1>game.cpp(542): warning C4018: '<' : signed/unsigned mismatch
     1>game.cpp(566): warning C4018: '<' : signed/unsigned mismatch
     1>game.cpp(574): warning C4018: '<' : signed/unsigned mismatch
     1>game.cpp(589): warning C4018: '<' : signed/unsigned mismatch
     1>game.cpp(604): warning C4018: '<' : signed/unsigned mismatch
     1>game.cpp(650): warning C4018: '<' : signed/unsigned mismatch
     1>game.cpp(657): warning C4018: '<' : signed/unsigned mismatch
     1>game.cpp(677): warning C4018: '<' : signed/unsigned mismatch
     1>game.cpp(697): warning C4018: '<' : signed/unsigned mismatch
     1>game.cpp(741): warning C4018: '<' : signed/unsigned mismatch
     1>game.cpp(743): warning C4018: '<' : signed/unsigned mismatch
     1>game.cpp(807): warning C4018: '<' : signed/unsigned mismatch
     1>game.cpp(822): warning C4018: '<' : signed/unsigned mismatch
     1>game.cpp(858): warning C4018: '<' : signed/unsigned mismatch
     1>game.cpp(897): warning C4018: '<' : signed/unsigned mismatch
     1>game.cpp(902): warning C4018: '<' : signed/unsigned mismatch
     1>game.cpp(908): warning C4018: '<' : signed/unsigned mismatch
     1>game.cpp(913): warning C4018: '<' : signed/unsigned mismatch
       Link:
         C:\Program Files (x86)\Microsoft Visual Studio 12.0\VC\bin\link.exe /ERRORREPORT:PROMPT /OUT:"C:\Users\Johan\Programming\Year 1\Block A\Programming\Projects\Year 1\Block B\final assignment block b\bubble check\Debug\Template.exe" /INCREMENTAL:NO /NOLOGO /LIBPATH:"lib\SDL2-2.0.3\lib\x86" /LIBPATH:lib\OpenGL /LIBPATH:lib\freeimage user32.lib winmm.lib sdl2.lib sdl2main.lib opengl32.lib freeimage.lib /NODEFAULTLIB:msvcrt.lib /MANIFEST /MANIFESTUAC:"level='asInvoker' uiAccess='false'" /manifest:embed /DEBUG /PDB:"C:\Users\Johan\Programming\Year 1\Block A\Programming\Projects\Year 1\Block B\final assignment block b\bubble check\Debug\Template.pdb" /SUBSYSTEM:WINDOWS /TLBID:1 /DYNAMICBASE:NO /IMPLIB:"C:\Users\Johan\Programming\Year 1\Block A\Programming\Projects\Year 1\Block B\final assignment block b\bubble check\Debug\Template.lib" /MACHINE:X86 /SAFESEH Debug\Bom.obj
         Debug\Bubble.obj
         Debug\Camera.obj
         Debug\Collider.obj
         Debug\game.obj
         Debug\InputListener.obj
         Debug\QuadTree.obj
         Debug\Ship.obj
         Debug\surface.obj
         Debug\template.obj
         Debug\threads.obj
         Debug\Tile.obj
         Debug\TilleFactory.obj
         Debug\TrackBuilder.obj
         Debug\Trackpiece.obj
         tmpl84.00a_2013.vcxproj -> C:\Users\Johan\Programming\Year 1\Block A\Programming\Projects\Year 1\Block B\final assignment block b\bubble check\Debug\Template.exe
     1>Done Building Project "C:\Users\Johan\Programming\Year 1\Block A\Programming\Projects\Year 1\Block B\final assignment block b\bubble check\tmpl84.00a_2013.vcxproj" (Build target(s)).

Build succeeded.

Time Elapsed 00:00:03.26
